<?xml version="1.0" encoding="UTF-8"?>
<testsuite name="com.jme3.cinematic.CinematicTest" tests="2" skipped="0" failures="0" errors="0" timestamp="2016-10-26T14:13:06" hostname="Erwins-MacBook-Pro.local" time="0.016">
  <properties/>
  <testcase name="clearEmpty" classname="com.jme3.cinematic.CinematicTest" time="0.004"/>
  <testcase name="clearAnimationEvent" classname="com.jme3.cinematic.CinematicTest" time="0.012"/>
  <system-out><![CDATA[]]></system-out>
  <system-err><![CDATA[]]></system-err>
</testsuite>
