<?xml version="1.0" encoding="UTF-8"?>
<testsuite name="com.jme3.collision.BoundingCollisionTest" tests="6" skipped="0" failures="0" errors="0" timestamp="2016-10-26T14:13:06" hostname="Erwins-MacBook-Pro.local" time="0.025">
  <properties/>
  <testcase name="testSphereSphereCollision" classname="com.jme3.collision.BoundingCollisionTest" time="0.013"/>
  <testcase name="testBoxTriangleCollision" classname="com.jme3.collision.BoundingCollisionTest" time="0.01"/>
  <testcase name="testSphereTriangleCollision" classname="com.jme3.collision.BoundingCollisionTest" time="0.001"/>
  <testcase name="testBoxSphereCollision" classname="com.jme3.collision.BoundingCollisionTest" time="0.0"/>
  <testcase name="testBoxBoxCollision" classname="com.jme3.collision.BoundingCollisionTest" time="0.0"/>
  <testcase name="testBoxRayCollision" classname="com.jme3.collision.BoundingCollisionTest" time="0.0"/>
  <system-out><![CDATA[]]></system-out>
  <system-err><![CDATA[]]></system-err>
</testsuite>
