<?xml version="1.0" encoding="UTF-8"?>
<testsuite name="com.jme3.util.ListMapTest" tests="1" skipped="0" failures="0" errors="0" timestamp="2016-10-26T14:13:07" hostname="Erwins-MacBook-Pro.local" time="0.0">
  <properties/>
  <testcase name="testListMap" classname="com.jme3.util.ListMapTest" time="0.0"/>
  <system-out><![CDATA[]]></system-out>
  <system-err><![CDATA[]]></system-err>
</testsuite>
