<?xml version="1.0" encoding="UTF-8"?>
<testsuite name="com.jme3.light.LightSortTest" tests="2" skipped="0" failures="0" errors="0" timestamp="2016-10-26T14:13:06" hostname="Erwins-MacBook-Pro.local" time="0.001">
  <properties/>
  <testcase name="testSimpleSort" classname="com.jme3.light.LightSortTest" time="0.001"/>
  <testcase name="testSceneGraphSort" classname="com.jme3.light.LightSortTest" time="0.0"/>
  <system-out><![CDATA[]]></system-out>
  <system-err><![CDATA[]]></system-err>
</testsuite>
