<?xml version="1.0" encoding="UTF-8"?>
<testsuite name="com.jme3.material.plugins.J3MLoaderTest" tests="2" skipped="0" failures="0" errors="0" timestamp="2016-10-26T14:13:07" hostname="Erwins-MacBook-Pro.local" time="0.077">
  <properties/>
  <testcase name="newStyleTextureParameters_shouldBeSupported" classname="com.jme3.material.plugins.J3MLoaderTest" time="0.074"/>
  <testcase name="oldStyleTextureParameters_shouldBeSupported" classname="com.jme3.material.plugins.J3MLoaderTest" time="0.002"/>
  <system-out><![CDATA[]]></system-out>
  <system-err><![CDATA[]]></system-err>
</testsuite>
